#
# There is insufficient memory for the Java Runtime Environment to continue.
# Native memory allocation (malloc) failed to allocate 1048576 bytes for AllocateHeap
# Possible reasons:
#   The system is out of physical RAM or swap space
#   In 32 bit mode, the process size limit was hit
# Possible solutions:
#   Reduce memory load on the system
#   Increase physical memory or swap space
#   Check if swap backing store is full
#   Use 64 bit Java on a 64 bit OS
#   Decrease Java heap size (-Xmx/-Xms)
#   Decrease number of Java threads
#   Decrease Java thread stack sizes (-Xss)
#   Set larger code cache with -XX:ReservedCodeCacheSize=
# This output file may be truncated or incomplete.
#
#  Out of Memory Error (memory/allocation.inline.hpp:61), pid=14780, tid=13544
#
# JRE version:  (8.0_77-b03) (build )
# Java VM: Java HotSpot(TM) 64-Bit Server VM (25.77-b03 mixed mode windows-amd64 compressed oops)
# Failed to write core dump. Minidumps are not enabled by default on client versions of Windows
#

---------------  T H R E A D  ---------------

Current thread (0x000000000297e000):  JavaThread "Unknown thread" [_thread_in_vm, id=13544, stack(0x0000000002810000,0x0000000002910000)]

Stack: [0x0000000002810000,0x0000000002910000]
[error occurred during error reporting (printing stack bounds), id 0xc0000005]

Native frames: (J=compiled Java code, j=interpreted, Vv=VM code, C=native code)


---------------  P R O C E S S  ---------------

Java Threads: ( => current thread )

Other Threads:

=>0x000000000297e000 (exited) JavaThread "Unknown thread" [_thread_in_vm, id=13544, stack(0x0000000002810000,0x0000000002910000)]

VM state:not at safepoint (normal execution)

VM Mutex/Monitor currently owned by a thread: None

Heap:
 PSYoungGen      total 38400K, used 665K [0x00000000d5d00000, 0x00000000d8780000, 0x0000000100000000)
  eden space 33280K, 2% used [0x00000000d5d00000,0x00000000d5da6670,0x00000000d7d80000)
  from space 5120K, 0% used [0x00000000d8280000,0x00000000d8280000,0x00000000d8780000)
  to   space 5120K, 0% used [0x00000000d7d80000,0x00000000d7d80000,0x00000000d8280000)
 ParOldGen       total 87552K, used 0K [0x0000000081600000, 0x0000000086b80000, 0x00000000d5d00000)
  object space 87552K, 0% used [0x0000000081600000,0x0000000081600000,0x0000000086b80000)
 Metaspace       used 769K, capacity 4480K, committed 4480K, reserved 1056768K
  class space    used 75K, capacity 384K, committed 384K, reserved 1048576K

Card table byte_map: [0x0000000011e40000,0x0000000012240000] byte_map_base: 0x0000000011a35000

Marking Bits: (ParMarkBitMap*) 0x0000000050b50600
 Begin Bits: [0x00000000128f0000, 0x0000000014898000)
 End Bits:   [0x0000000014898000, 0x0000000016840000)

Polling page: 0x0000000000c20000

CodeCache: size=245760Kb used=328Kb max_used=328Kb free=245431Kb
 bounds [0x0000000002a80000, 0x0000000002cf0000, 0x0000000011a80000]
 total_blobs=58 nmethods=0 adapters=38
 compilation: enabled

Compilation events (0 events):
No events

GC Heap History (0 events):
No events

Deoptimization events (0 events):
No events

Internal exceptions (0 events):
No events

Events (10 events):
Event: 0.022 loading class java/lang/Short
Event: 0.022 loading class java/lang/Short done
Event: 0.022 loading class java/lang/Integer
Event: 0.022 loading class java/lang/Integer done
Event: 0.022 loading class java/lang/Long
Event: 0.022 loading class java/lang/Long done
Event: 0.023 loading class java/lang/NullPointerException
Event: 0.023 loading class java/lang/NullPointerException done
Event: 0.023 loading class java/lang/ArithmeticException
Event: 0.023 loading class java/lang/ArithmeticException done


Dynamic libraries:
0x00007ff62dce0000 - 0x00007ff62dd17000 	C:\Program Files\Java\jdk1.8.0_77\bin\java.exe
0x00007ffedeef0000 - 0x00007ffedf0c1000 	C:\WINDOWS\SYSTEM32\ntdll.dll
0x00007ffedee40000 - 0x00007ffedeeec000 	C:\WINDOWS\System32\KERNEL32.DLL
0x00007ffedc260000 - 0x00007ffedc47d000 	C:\WINDOWS\System32\KERNELBASE.dll
0x00007ffedc630000 - 0x00007ffedc6d2000 	C:\WINDOWS\System32\ADVAPI32.dll
0x00007ffede640000 - 0x00007ffede6de000 	C:\WINDOWS\System32\msvcrt.dll
0x00007ffede300000 - 0x00007ffede359000 	C:\WINDOWS\System32\sechost.dll
0x00007ffede6f0000 - 0x00007ffede811000 	C:\WINDOWS\System32\RPCRT4.dll
0x00007ffedcc10000 - 0x00007ffedcd75000 	C:\WINDOWS\System32\USER32.dll
0x00007ffedc170000 - 0x00007ffedc18e000 	C:\WINDOWS\System32\win32u.dll
0x00007ffededa0000 - 0x00007ffededd4000 	C:\WINDOWS\System32\GDI32.dll
0x00007ffedb3e0000 - 0x00007ffedb562000 	C:\WINDOWS\System32\gdi32full.dll
0x00007ffed63e0000 - 0x00007ffed665a000 	C:\WINDOWS\WinSxS\amd64_microsoft.windows.common-controls_6595b64144ccf1df_6.0.14393.953_none_42151e83c686086b\COMCTL32.dll
0x00007ffedc780000 - 0x00007ffedca48000 	C:\WINDOWS\System32\combase.dll
0x00007ffedc070000 - 0x00007ffedc165000 	C:\WINDOWS\System32\ucrtbase.dll
0x00007ffedc1f0000 - 0x00007ffedc25a000 	C:\WINDOWS\System32\bcryptPrimitives.dll
0x00007ffede820000 - 0x00007ffede84e000 	C:\WINDOWS\System32\IMM32.DLL
0x0000000050260000 - 0x0000000050332000 	C:\Program Files\Java\jdk1.8.0_77\jre\bin\msvcr100.dll
0x0000000050340000 - 0x0000000050bd0000 	C:\Program Files\Java\jdk1.8.0_77\jre\bin\server\jvm.dll
0x00007ffedcc00000 - 0x00007ffedcc08000 	C:\WINDOWS\System32\PSAPI.DLL
0x00007ffecf430000 - 0x00007ffecf439000 	C:\WINDOWS\SYSTEM32\WSOCK32.dll
0x00007ffed9140000 - 0x00007ffed9163000 	C:\WINDOWS\SYSTEM32\WINMM.dll
0x00007ffed6b70000 - 0x00007ffed6b7a000 	C:\WINDOWS\SYSTEM32\VERSION.dll
0x00007ffede290000 - 0x00007ffede2fa000 	C:\WINDOWS\System32\WS2_32.dll
0x0000000001050000 - 0x000000000107b000 	C:\WINDOWS\SYSTEM32\WINMMBASE.dll
0x00007ffedbf70000 - 0x00007ffedbfb2000 	C:\WINDOWS\System32\cfgmgr32.dll
0x0000000051c80000 - 0x0000000051c8f000 	C:\Program Files\Java\jdk1.8.0_77\jre\bin\verify.dll
0x00000000501f0000 - 0x0000000050219000 	C:\Program Files\Java\jdk1.8.0_77\jre\bin\java.dll
0x00000000501d0000 - 0x00000000501e6000 	C:\Program Files\Java\jdk1.8.0_77\jre\bin\zip.dll

VM Arguments:
jvm_args: -Dfile.encoding=UTF-8 
java_command: demo.Career
java_class_path (initial): C:\Users\Admin\Downloads\jfreechart-1.0.1\jfreechart-1.0.1\lib\gnujaxp.jar;C:\Users\Admin\Downloads\jfreechart-1.0.1\jfreechart-1.0.1\lib\jcommon-1.0.0.jar;C:\Users\Admin\Downloads\jfreechart-1.0.1\jfreechart-1.0.1\lib\jfreechart-1.0.1.jar;C:\Users\Admin\Downloads\jfreechart-1.0.1\jfreechart-1.0.1\lib\junit.jar;C:\Users\Admin\Downloads\jfreechart-1.0.1\jfreechart-1.0.1\lib\servlet.jar;C:\Users\Admin\Desktop\Project_code-20170527T063326Z-001\Project_code\weka\build\classes
Launcher Type: SUN_STANDARD

Environment Variables:
PATH=C:\ProgramData\Oracle\Java\javapath;C:\Program Files (x86)\Intel\iCLS Client\;C:\Program Files\Intel\iCLS Client\;C:\WINDOWS\system32;C:\WINDOWS;C:\WINDOWS\System32\Wbem;C:\WINDOWS\System32\WindowsPowerShell\v1.0\;C:\Program Files\Intel\Intel(R) Management Engine Components\DAL;C:\Program Files (x86)\Intel\Intel(R) Management Engine Components\DAL;C:\Program Files\Intel\Intel(R) Management Engine Components\IPT;C:\Program Files (x86)\Intel\Intel(R) Management Engine Components\IPT;C:\Program Files\Intel\WiFi\bin\;C:\Program Files\Common Files\Intel\WirelessCommon\;C:\Program Files\Microsoft\Web Platform Installer\;C:\Program Files\Microsoft SQL Server\130\DTS\Binn\;C:\Program Files\Microsoft SQL Server\Client SDK\ODBC\110\Tools\Binn\;C:\Program Files (x86)\Microsoft SQL Server\130\Tools\Binn\;C:\Program Files\Microsoft SQL Server\130\Tools\Binn\;C:\Program Files (x86)\Microsoft SQL Server\130\Tools\Binn\ManagementStudio\;C:\Program Files (x86)\Microsoft SQL Server\130\DTS\Binn\;C:\Program Files\Microsoft SQL Server\120\Tools\Binn\;C:\Python27\;C:\Program Files (x86)\MySQL\MySQL Fabric 1.5.3 & MySQL Utilities 1.5.3 1.5\;C:\Program Files (x86)\MySQL\MySQL Fabric 1.5.3 & MySQL Utilities 1.5.3 1.5\Doctrine extensions for PHP\;C:\Program Files (x86)\Windows Kits\10\Windows Performance Toolkit\;C:\Program Files\dotnet\;C:\Users\Admin\Anaconda_2;C:\Users\Admin\Anaconda_2\Scripts;C:\Users\Admin\Anaconda_2\Library\bin;C:\Users\Admin\Anaconda2;C:\Users\Admin\Anaconda2\Scripts;C:\Users\Admin\Anaconda2\Library\bin;C:\Users\Admin\Anaconda3;C:\Users\Admin\Anaconda3\Scripts;C:\Users\Admin\Anaconda3\Library\bin;C:\Users\Admin\AppData\Local\Microsoft\WindowsApps;
USERNAME=AishwaryaY
OS=Windows_NT
PROCESSOR_IDENTIFIER=Intel64 Family 6 Model 61 Stepping 4, GenuineIntel



---------------  S Y S T E M  ---------------

OS: Windows 10.0 , 64 bit Build 14393 (10.0.14393.1198)

CPU:total 4 (2 cores per cpu, 2 threads per core) family 6 model 61 stepping 4, cmov, cx8, fxsr, mmx, sse, sse2, sse3, ssse3, sse4.1, sse4.2, popcnt, avx, avx2, aes, clmul, erms, 3dnowpref, lzcnt, ht, tsc, tscinvbit, bmi1, bmi2, adx

Memory: 4k page, physical 8296896k(3371852k free), swap 10250688k(5620k free)

vm_info: Java HotSpot(TM) 64-Bit Server VM (25.77-b03) for windows-amd64 JRE (1.8.0_77-b03), built on Mar 20 2016 22:01:33 by "java_re" with MS VC++ 10.0 (VS2010)

time: Wed May 31 13:09:45 2017
elapsed time: 0 seconds (0d 0h 0m 0s)

